<?xml version="1.0" encoding="UTF-8"?>
<!-- Generated by org.testng.reporters.JUnitXMLReporter -->
<testsuite ignored="0" hostname="LMMUMLP0041" failures="1" tests="1" name="Chrome Test" time="0.234" errors="0" timestamp="2024-01-24T18:08:50 IST">
  <testcase classname="TestNG_Pac.TC003_TestNG" name="f" time="0.219">
    <failure type="org.testng.internal.reflect.MethodMatcherException" message="
[public void TestNG_Pac.TC003_TestNG.f(java.lang.String,java.lang.String,java.lang.String) throws java.lang.InterruptedException,java.io.IOException] has no parameters defined but was found to be using a data provider (either explicitly specified or inherited from class level annotation).
Data provider mismatch
Method: f([java.lang.String arg0, java.lang.String arg1, java.lang.String arg2])
Arguments: [(java.lang.String) Admin,(java.lang.String) admin123]">
      <![CDATA[org.testng.internal.reflect.MethodMatcherException: 
[public void TestNG_Pac.TC003_TestNG.f(java.lang.String,java.lang.String,java.lang.String) throws java.lang.InterruptedException,java.io.IOException] has no parameters defined but was found to be using a data provider (either explicitly specified or inherited from class level annotation).
Data provider mismatch
Method: f([java.lang.String arg0, java.lang.String arg1, java.lang.String arg2])
Arguments: [(java.lang.String) Admin,(java.lang.String) admin123]
at java.base/java.util.ArrayList.forEach(ArrayList.java:1511)
at java.base/java.util.concurrent.FutureTask.run(FutureTask.java:264)
at java.base/java.util.concurrent.ThreadPoolExecutor.runWorker(ThreadPoolExecutor.java:1136)
at java.base/java.util.concurrent.ThreadPoolExecutor$Worker.run(ThreadPoolExecutor.java:635)
at java.base/java.lang.Thread.run(Thread.java:840)
... Removed 12 stack frames]]>
    </failure>
  </testcase> <!-- f -->
</testsuite> <!-- Chrome Test -->
