<?xml version="1.0" encoding="UTF-8"?>
<!-- Generated by org.testng.reporters.JUnitXMLReporter -->
<testsuite ignored="2" hostname="LMMUMLP0041" failures="0" tests="3" name="Test" time="0.828" errors="0" timestamp="2024-01-25T10:51:10 IST">
  <testcase classname="Selenium_Pac.TC014" name="test" time="0.066"/>
  <testcase classname="TestNG_Pac.TC005_MultipleTest" name="test2" time="0.01"/>
  <testcase classname="TestNG_Pac.TC005_MultipleTest" name="test3" time="0.027"/>
  <testcase classname="TestNG_Pac.TC005_MultipleTest" name="test1" time="0.0">
    <ignored/>
  </testcase> <!-- test1 -->
  <testcase classname="TestNG_Pac.TC005_MultipleTest" name="test4" time="0.0">
    <ignored/>
  </testcase> <!-- test4 -->
</testsuite> <!-- Test -->
